2020-05-11 11:30:58.140 | INFO     | __main__:getProxies:74 - getProxies: proxies-2020051111.csv does not exist.
2020-05-11 11:30:58.144 | DEBUG    | __main__:getProxiesFromProxyNova:105 - getProxiesFromProxyNova: https://www.proxynova.com/proxy-server-list/country-tw/
2020-05-11 11:30:58.146 | WARNING  | __main__:getProxiesFromProxyNova:106 - getProxiesFromProxyNova: downloading...
2020-05-11 11:31:00.023 | SUCCESS  | __main__:getProxiesFromProxyNova:111 - getProxiesFromProxyNova: downloaded.
2020-05-11 11:31:00.032 | WARNING  | __main__:getProxiesFromProxyNova:115 - getProxiesFromProxyNova: scanning...
2020-05-11 11:31:03.160 | SUCCESS  | __main__:getProxiesFromProxyNova:126 - getProxiesFromProxyNova: scanned.
2020-05-11 11:31:03.163 | DEBUG    | __main__:getProxiesFromProxyNova:127 - getProxiesFromProxyNova: 10 proxies is found.
2020-05-11 11:31:04.165 | DEBUG    | __main__:getProxiesFromProxyNova:105 - getProxiesFromProxyNova: https://www.proxynova.com/proxy-server-list/country-jp/
2020-05-11 11:31:04.167 | WARNING  | __main__:getProxiesFromProxyNova:106 - getProxiesFromProxyNova: downloading...
2020-05-11 11:31:06.020 | SUCCESS  | __main__:getProxiesFromProxyNova:111 - getProxiesFromProxyNova: downloaded.
2020-05-11 11:31:06.030 | WARNING  | __main__:getProxiesFromProxyNova:115 - getProxiesFromProxyNova: scanning...
2020-05-11 11:31:06.446 | SUCCESS  | __main__:getProxiesFromProxyNova:126 - getProxiesFromProxyNova: scanned.
2020-05-11 11:31:06.449 | DEBUG    | __main__:getProxiesFromProxyNova:127 - getProxiesFromProxyNova: 29 proxies is found.
2020-05-11 11:31:07.453 | DEBUG    | __main__:getProxiesFromProxyNova:105 - getProxiesFromProxyNova: https://www.proxynova.com/proxy-server-list/country-kr/
2020-05-11 11:31:07.455 | WARNING  | __main__:getProxiesFromProxyNova:106 - getProxiesFromProxyNova: downloading...
2020-05-11 11:31:08.986 | SUCCESS  | __main__:getProxiesFromProxyNova:111 - getProxiesFromProxyNova: downloaded.
2020-05-11 11:31:08.992 | WARNING  | __main__:getProxiesFromProxyNova:115 - getProxiesFromProxyNova: scanning...
2020-05-11 11:31:09.272 | SUCCESS  | __main__:getProxiesFromProxyNova:126 - getProxiesFromProxyNova: scanned.
2020-05-11 11:31:09.274 | DEBUG    | __main__:getProxiesFromProxyNova:127 - getProxiesFromProxyNova: 41 proxies is found.
2020-05-11 11:31:10.278 | DEBUG    | __main__:getProxiesFromProxyNova:105 - getProxiesFromProxyNova: https://www.proxynova.com/proxy-server-list/country-id/
2020-05-11 11:31:10.281 | WARNING  | __main__:getProxiesFromProxyNova:106 - getProxiesFromProxyNova: downloading...
2020-05-11 11:31:12.179 | SUCCESS  | __main__:getProxiesFromProxyNova:111 - getProxiesFromProxyNova: downloaded.
2020-05-11 11:31:12.187 | WARNING  | __main__:getProxiesFromProxyNova:115 - getProxiesFromProxyNova: scanning...
2020-05-11 11:31:12.884 | SUCCESS  | __main__:getProxiesFromProxyNova:126 - getProxiesFromProxyNova: scanned.
2020-05-11 11:31:12.887 | DEBUG    | __main__:getProxiesFromProxyNova:127 - getProxiesFromProxyNova: 76 proxies is found.
2020-05-11 11:31:13.890 | DEBUG    | __main__:getProxiesFromProxyNova:105 - getProxiesFromProxyNova: https://www.proxynova.com/proxy-server-list/country-my/
2020-05-11 11:31:13.892 | WARNING  | __main__:getProxiesFromProxyNova:106 - getProxiesFromProxyNova: downloading...
2020-05-11 11:31:16.009 | SUCCESS  | __main__:getProxiesFromProxyNova:111 - getProxiesFromProxyNova: downloaded.
2020-05-11 11:31:16.015 | WARNING  | __main__:getProxiesFromProxyNova:115 - getProxiesFromProxyNova: scanning...
2020-05-11 11:31:16.143 | SUCCESS  | __main__:getProxiesFromProxyNova:126 - getProxiesFromProxyNova: scanned.
2020-05-11 11:31:16.145 | DEBUG    | __main__:getProxiesFromProxyNova:127 - getProxiesFromProxyNova: 81 proxies is found.
2020-05-11 11:31:17.149 | DEBUG    | __main__:getProxiesFromProxyNova:105 - getProxiesFromProxyNova: https://www.proxynova.com/proxy-server-list/country-th/
2020-05-11 11:31:17.151 | WARNING  | __main__:getProxiesFromProxyNova:106 - getProxiesFromProxyNova: downloading...
2020-05-11 11:31:19.271 | SUCCESS  | __main__:getProxiesFromProxyNova:111 - getProxiesFromProxyNova: downloaded.
2020-05-11 11:31:19.280 | WARNING  | __main__:getProxiesFromProxyNova:115 - getProxiesFromProxyNova: scanning...
2020-05-11 11:31:20.025 | SUCCESS  | __main__:getProxiesFromProxyNova:126 - getProxiesFromProxyNova: scanned.
2020-05-11 11:31:20.028 | DEBUG    | __main__:getProxiesFromProxyNova:127 - getProxiesFromProxyNova: 116 proxies is found.
2020-05-11 11:31:21.031 | DEBUG    | __main__:getProxiesFromProxyNova:105 - getProxiesFromProxyNova: https://www.proxynova.com/proxy-server-list/country-vn/
2020-05-11 11:31:21.033 | WARNING  | __main__:getProxiesFromProxyNova:106 - getProxiesFromProxyNova: downloading...
2020-05-11 11:31:23.466 | SUCCESS  | __main__:getProxiesFromProxyNova:111 - getProxiesFromProxyNova: downloaded.
2020-05-11 11:31:23.475 | WARNING  | __main__:getProxiesFromProxyNova:115 - getProxiesFromProxyNova: scanning...
2020-05-11 11:31:24.210 | SUCCESS  | __main__:getProxiesFromProxyNova:126 - getProxiesFromProxyNova: scanned.
2020-05-11 11:31:24.212 | DEBUG    | __main__:getProxiesFromProxyNova:127 - getProxiesFromProxyNova: 147 proxies is found.
2020-05-11 11:31:25.214 | DEBUG    | __main__:getProxiesFromProxyNova:105 - getProxiesFromProxyNova: https://www.proxynova.com/proxy-server-list/country-ph/
2020-05-11 11:31:25.217 | WARNING  | __main__:getProxiesFromProxyNova:106 - getProxiesFromProxyNova: downloading...
2020-05-11 11:31:26.997 | SUCCESS  | __main__:getProxiesFromProxyNova:111 - getProxiesFromProxyNova: downloaded.
2020-05-11 11:31:27.006 | WARNING  | __main__:getProxiesFromProxyNova:115 - getProxiesFromProxyNova: scanning...
2020-05-11 11:31:27.473 | SUCCESS  | __main__:getProxiesFromProxyNova:126 - getProxiesFromProxyNova: scanned.
2020-05-11 11:31:27.476 | DEBUG    | __main__:getProxiesFromProxyNova:127 - getProxiesFromProxyNova: 165 proxies is found.
2020-05-11 11:31:28.478 | DEBUG    | __main__:getProxiesFromProxyNova:105 - getProxiesFromProxyNova: https://www.proxynova.com/proxy-server-list/country-hk/
2020-05-11 11:31:28.480 | WARNING  | __main__:getProxiesFromProxyNova:106 - getProxiesFromProxyNova: downloading...
2020-05-11 11:31:30.136 | SUCCESS  | __main__:getProxiesFromProxyNova:111 - getProxiesFromProxyNova: downloaded.
2020-05-11 11:31:30.144 | WARNING  | __main__:getProxiesFromProxyNova:115 - getProxiesFromProxyNova: scanning...
2020-05-11 11:31:30.829 | SUCCESS  | __main__:getProxiesFromProxyNova:126 - getProxiesFromProxyNova: scanned.
2020-05-11 11:31:30.832 | DEBUG    | __main__:getProxiesFromProxyNova:127 - getProxiesFromProxyNova: 194 proxies is found.
2020-05-11 11:31:31.834 | DEBUG    | __main__:getProxiesFromProxyNova:105 - getProxiesFromProxyNova: https://www.proxynova.com/proxy-server-list/country-uk/
2020-05-11 11:31:31.836 | WARNING  | __main__:getProxiesFromProxyNova:106 - getProxiesFromProxyNova: downloading...
2020-05-11 11:31:32.858 | DEBUG    | __main__:getProxiesFromProxyNova:109 - getProxiesFromProxyNova: status code is not 200
2020-05-11 11:31:32.861 | DEBUG    | __main__:getProxiesFromProxyNova:105 - getProxiesFromProxyNova: https://www.proxynova.com/proxy-server-list/country-us/
2020-05-11 11:31:32.864 | WARNING  | __main__:getProxiesFromProxyNova:106 - getProxiesFromProxyNova: downloading...
2020-05-11 11:31:34.858 | SUCCESS  | __main__:getProxiesFromProxyNova:111 - getProxiesFromProxyNova: downloaded.
2020-05-11 11:31:34.866 | WARNING  | __main__:getProxiesFromProxyNova:115 - getProxiesFromProxyNova: scanning...
2020-05-11 11:31:35.558 | SUCCESS  | __main__:getProxiesFromProxyNova:126 - getProxiesFromProxyNova: scanned.
2020-05-11 11:31:35.561 | DEBUG    | __main__:getProxiesFromProxyNova:127 - getProxiesFromProxyNova: 229 proxies is found.
2020-05-11 11:31:36.562 | DEBUG    | __main__:getProxiesFromGatherProxy:147 - getProxiesFromGatherProxy: http://www.gatherproxy.com/proxylist/country/?c=Taiwan
2020-05-11 11:31:36.565 | WARNING  | __main__:getProxiesFromGatherProxy:148 - getProxiesFromGatherProxy: downloading...
2020-05-11 11:31:36.906 | DEBUG    | __main__:getProxiesFromGatherProxy:151 - getProxiesFromGatherProxy: status code is not 200
2020-05-11 11:31:36.908 | DEBUG    | __main__:getProxiesFromGatherProxy:147 - getProxiesFromGatherProxy: http://www.gatherproxy.com/proxylist/country/?c=Japan
2020-05-11 11:31:36.910 | WARNING  | __main__:getProxiesFromGatherProxy:148 - getProxiesFromGatherProxy: downloading...
2020-05-11 11:31:37.229 | DEBUG    | __main__:getProxiesFromGatherProxy:151 - getProxiesFromGatherProxy: status code is not 200
2020-05-11 11:31:37.232 | DEBUG    | __main__:getProxiesFromGatherProxy:147 - getProxiesFromGatherProxy: http://www.gatherproxy.com/proxylist/country/?c=United%20States
2020-05-11 11:31:37.233 | WARNING  | __main__:getProxiesFromGatherProxy:148 - getProxiesFromGatherProxy: downloading...
2020-05-11 11:31:37.555 | DEBUG    | __main__:getProxiesFromGatherProxy:151 - getProxiesFromGatherProxy: status code is not 200
2020-05-11 11:31:37.558 | DEBUG    | __main__:getProxiesFromGatherProxy:147 - getProxiesFromGatherProxy: http://www.gatherproxy.com/proxylist/country/?c=Thailand
2020-05-11 11:31:37.560 | WARNING  | __main__:getProxiesFromGatherProxy:148 - getProxiesFromGatherProxy: downloading...
2020-05-11 11:31:37.880 | DEBUG    | __main__:getProxiesFromGatherProxy:151 - getProxiesFromGatherProxy: status code is not 200
2020-05-11 11:31:37.883 | DEBUG    | __main__:getProxiesFromGatherProxy:147 - getProxiesFromGatherProxy: http://www.gatherproxy.com/proxylist/country/?c=Vietnam
2020-05-11 11:31:37.885 | WARNING  | __main__:getProxiesFromGatherProxy:148 - getProxiesFromGatherProxy: downloading...
2020-05-11 11:31:38.219 | DEBUG    | __main__:getProxiesFromGatherProxy:151 - getProxiesFromGatherProxy: status code is not 200
2020-05-11 11:31:38.222 | DEBUG    | __main__:getProxiesFromGatherProxy:147 - getProxiesFromGatherProxy: http://www.gatherproxy.com/proxylist/country/?c=Indonesia
2020-05-11 11:31:38.223 | WARNING  | __main__:getProxiesFromGatherProxy:148 - getProxiesFromGatherProxy: downloading...
2020-05-11 11:31:38.542 | DEBUG    | __main__:getProxiesFromGatherProxy:151 - getProxiesFromGatherProxy: status code is not 200
2020-05-11 11:31:38.545 | DEBUG    | __main__:getProxiesFromGatherProxy:147 - getProxiesFromGatherProxy: http://www.gatherproxy.com/proxylist/country/?c=Singapore
2020-05-11 11:31:38.547 | WARNING  | __main__:getProxiesFromGatherProxy:148 - getProxiesFromGatherProxy: downloading...
2020-05-11 11:31:38.867 | DEBUG    | __main__:getProxiesFromGatherProxy:151 - getProxiesFromGatherProxy: status code is not 200
2020-05-11 11:31:38.870 | DEBUG    | __main__:getProxiesFromGatherProxy:147 - getProxiesFromGatherProxy: http://www.gatherproxy.com/proxylist/country/?c=Philippines
2020-05-11 11:31:38.872 | WARNING  | __main__:getProxiesFromGatherProxy:148 - getProxiesFromGatherProxy: downloading...
2020-05-11 11:31:39.207 | DEBUG    | __main__:getProxiesFromGatherProxy:151 - getProxiesFromGatherProxy: status code is not 200
2020-05-11 11:31:39.210 | DEBUG    | __main__:getProxiesFromGatherProxy:147 - getProxiesFromGatherProxy: http://www.gatherproxy.com/proxylist/country/?c=Malaysia
2020-05-11 11:31:39.211 | WARNING  | __main__:getProxiesFromGatherProxy:148 - getProxiesFromGatherProxy: downloading...
2020-05-11 11:31:39.531 | DEBUG    | __main__:getProxiesFromGatherProxy:151 - getProxiesFromGatherProxy: status code is not 200
2020-05-11 11:31:39.533 | DEBUG    | __main__:getProxiesFromGatherProxy:147 - getProxiesFromGatherProxy: http://www.gatherproxy.com/proxylist/country/?c=Hong%20Kong
2020-05-11 11:31:39.535 | WARNING  | __main__:getProxiesFromGatherProxy:148 - getProxiesFromGatherProxy: downloading...
2020-05-11 11:31:39.855 | DEBUG    | __main__:getProxiesFromGatherProxy:151 - getProxiesFromGatherProxy: status code is not 200
2020-05-11 11:31:39.858 | DEBUG    | __main__:getProxiesFromFreeProxyList:174 - getProxiesFromFreeProxyList: https://free-proxy-list.net/
2020-05-11 11:31:39.860 | WARNING  | __main__:getProxiesFromFreeProxyList:175 - getProxiesFromFreeProxyList: downloading...
2020-05-11 11:31:40.443 | SUCCESS  | __main__:getProxiesFromFreeProxyList:180 - getProxiesFromFreeProxyList: downloaded.
2020-05-11 11:31:40.458 | WARNING  | __main__:getProxiesFromFreeProxyList:183 - getProxiesFromFreeProxyList: scanning...
2020-05-11 11:31:40.555 | SUCCESS  | __main__:getProxiesFromFreeProxyList:190 - getProxiesFromFreeProxyList: scanned.
2020-05-11 11:31:40.557 | DEBUG    | __main__:getProxiesFromFreeProxyList:191 - getProxiesFromFreeProxyList: 300 proxies is found.
2020-05-11 11:31:40.560 | DEBUG    | __main__:reqProxies:57 - reqProxies: 512 proxies is found.
2020-05-11 11:31:40.561 | WARNING  | __main__:getProxies:76 - getProxies: proxies-2020051111.csv is saving...
2020-05-11 11:31:40.574 | SUCCESS  | __main__:getProxies:86 - getProxies: proxies-2020051111.csv is saved.
2020-05-11 11:31:40.576 | DEBUG    | __main__:getProxy:46 - getProxy: 12.139.101.97:80
2020-05-11 11:31:40.578 | DEBUG    | __main__:getProxy:48 - getProxy: 511 proxies is unused.
2020-05-11 11:31:40.579 | INFO     | __main__:getTaiexs:202 - getTaiexs: month 1 url is https://www.twse.com.tw/indicesReport/MI_5MINS_HIST?response=json&date=20190101
2020-05-11 11:31:40.581 | WARNING  | __main__:getTaiexs:203 - getTaiexs: month 1 is downloading...
2020-05-11 11:31:41.186 | ERROR    | __main__:getTaiexs:246 - getTaiexs: proxy(12.139.101.97:80) is not working (connection error).
2020-05-11 11:31:41.190 | DEBUG    | __main__:getProxy:46 - getProxy: 200.137.138.2:80
2020-05-11 11:31:41.192 | DEBUG    | __main__:getProxy:48 - getProxy: 510 proxies is unused.
2020-05-11 11:31:41.195 | INFO     | __main__:getTaiexs:202 - getTaiexs: month 1 url is https://www.twse.com.tw/indicesReport/MI_5MINS_HIST?response=json&date=20190101
2020-05-11 11:31:41.199 | WARNING  | __main__:getTaiexs:203 - getTaiexs: month 1 is downloading...
2020-05-11 11:31:45.419 | SUCCESS  | __main__:getTaiexs:216 - getTaiexs: month 1 is downloaded.
2020-05-11 11:31:45.423 | INFO     | __main__:getTaiexs:202 - getTaiexs: month 2 url is https://www.twse.com.tw/indicesReport/MI_5MINS_HIST?response=json&date=20190201
2020-05-11 11:31:45.425 | WARNING  | __main__:getTaiexs:203 - getTaiexs: month 2 is downloading...
2020-05-11 11:31:48.616 | SUCCESS  | __main__:getTaiexs:216 - getTaiexs: month 2 is downloaded.
2020-05-11 11:31:48.618 | INFO     | __main__:getTaiexs:202 - getTaiexs: month 3 url is https://www.twse.com.tw/indicesReport/MI_5MINS_HIST?response=json&date=20190301
2020-05-11 11:31:48.620 | WARNING  | __main__:getTaiexs:203 - getTaiexs: month 3 is downloading...
2020-05-11 11:31:52.182 | SUCCESS  | __main__:getTaiexs:216 - getTaiexs: month 3 is downloaded.
2020-05-11 11:31:52.193 | INFO     | __main__:getTaiexs:202 - getTaiexs: month 4 url is https://www.twse.com.tw/indicesReport/MI_5MINS_HIST?response=json&date=20190401
2020-05-11 11:31:52.215 | WARNING  | __main__:getTaiexs:203 - getTaiexs: month 4 is downloading...
2020-05-11 11:31:56.413 | SUCCESS  | __main__:getTaiexs:216 - getTaiexs: month 4 is downloaded.
2020-05-11 11:31:56.438 | INFO     | __main__:getTaiexs:202 - getTaiexs: month 5 url is https://www.twse.com.tw/indicesReport/MI_5MINS_HIST?response=json&date=20190501
2020-05-11 11:31:56.448 | WARNING  | __main__:getTaiexs:203 - getTaiexs: month 5 is downloading...
2020-05-11 11:32:00.615 | SUCCESS  | __main__:getTaiexs:216 - getTaiexs: month 5 is downloaded.
2020-05-11 11:32:00.626 | INFO     | __main__:getTaiexs:202 - getTaiexs: month 6 url is https://www.twse.com.tw/indicesReport/MI_5MINS_HIST?response=json&date=20190601
2020-05-11 11:32:00.649 | WARNING  | __main__:getTaiexs:203 - getTaiexs: month 6 is downloading...
2020-05-11 11:32:04.707 | SUCCESS  | __main__:getTaiexs:216 - getTaiexs: month 6 is downloaded.
2020-05-11 11:32:04.731 | INFO     | __main__:getTaiexs:202 - getTaiexs: month 7 url is https://www.twse.com.tw/indicesReport/MI_5MINS_HIST?response=json&date=20190701
2020-05-11 11:32:04.742 | WARNING  | __main__:getTaiexs:203 - getTaiexs: month 7 is downloading...
2020-05-11 11:32:08.667 | SUCCESS  | __main__:getTaiexs:216 - getTaiexs: month 7 is downloaded.
2020-05-11 11:32:08.675 | INFO     | __main__:getTaiexs:202 - getTaiexs: month 8 url is https://www.twse.com.tw/indicesReport/MI_5MINS_HIST?response=json&date=20190801
2020-05-11 11:32:08.682 | WARNING  | __main__:getTaiexs:203 - getTaiexs: month 8 is downloading...
2020-05-11 11:32:12.607 | SUCCESS  | __main__:getTaiexs:216 - getTaiexs: month 8 is downloaded.
2020-05-11 11:32:12.617 | INFO     | __main__:getTaiexs:202 - getTaiexs: month 9 url is https://www.twse.com.tw/indicesReport/MI_5MINS_HIST?response=json&date=20190901
2020-05-11 11:32:12.639 | WARNING  | __main__:getTaiexs:203 - getTaiexs: month 9 is downloading...
2020-05-11 11:32:16.273 | SUCCESS  | __main__:getTaiexs:216 - getTaiexs: month 9 is downloaded.
2020-05-11 11:32:16.280 | INFO     | __main__:getTaiexs:202 - getTaiexs: month 10 url is https://www.twse.com.tw/indicesReport/MI_5MINS_HIST?response=json&date=20191001
2020-05-11 11:32:16.286 | WARNING  | __main__:getTaiexs:203 - getTaiexs: month 10 is downloading...
2020-05-11 11:32:19.529 | SUCCESS  | __main__:getTaiexs:216 - getTaiexs: month 10 is downloaded.
2020-05-11 11:32:19.532 | INFO     | __main__:getTaiexs:202 - getTaiexs: month 11 url is https://www.twse.com.tw/indicesReport/MI_5MINS_HIST?response=json&date=20191101
2020-05-11 11:32:19.533 | WARNING  | __main__:getTaiexs:203 - getTaiexs: month 11 is downloading...
2020-05-11 11:32:22.842 | SUCCESS  | __main__:getTaiexs:216 - getTaiexs: month 11 is downloaded.
2020-05-11 11:32:22.849 | INFO     | __main__:getTaiexs:202 - getTaiexs: month 12 url is https://www.twse.com.tw/indicesReport/MI_5MINS_HIST?response=json&date=20191201
2020-05-11 11:32:22.854 | WARNING  | __main__:getTaiexs:203 - getTaiexs: month 12 is downloading...
2020-05-11 11:32:26.113 | SUCCESS  | __main__:getTaiexs:216 - getTaiexs: month 12 is downloaded.
2020-05-11 11:32:26.139 | INFO     | __main__:saveTaiexs:271 - saveTaiexs: 242 taiexs.
2020-05-11 11:32:26.158 | WARNING  | __main__:saveTaiexs:272 - saveTaiexs: taiexs-2019.csv is saving...
2020-05-11 11:32:26.174 | SUCCESS  | __main__:saveTaiexs:290 - main: taiexs-2019.csv is saved.
